<?xml version="1.0" encoding="UTF-8"?>
<testsuite xmlns:xsi="http://www.w3.org/2001/XMLSchema-instance" xsi:noNamespaceSchemaLocation="https://maven.apache.org/surefire/maven-surefire-plugin/xsd/surefire-test-report.xsd" name="com.zhangys.carplugin.CarPluginApplicationTests" time="4.534" tests="2" errors="0" skipped="0" failures="0">
  <properties>
[...]
</properties>
  <testcase name="testRestTemplate" classname="com.zhangys.carplugin.CarPluginApplicationTests" time="0.932"/>
  <testcase name="contextLoads" classname="com.zhangys.carplugin.CarPluginApplicationTests" time="0"/>
</testsuite>